<?xml version="1.0" encoding="UTF-8"?>
<robot generator="Robot 3.1.1 (Python 3.7.2 on win32)" generated="20190314 21:23:03.523" rpa="false">
<suite id="s1" name="Dialogs" source="D:\workspace\repos\roboframeworks\project_1\Tests\Dialogs.robot">
<test id="s1-t1" name="Logged out user can search for product">
<kw name="Begin Web Test" library="Common" type="setup">
<kw name="Open Browser" library="SeleniumLibrary">
<doc>Opens a new browser instance to the given ``url``.</doc>
<arguments>
<arg>about:blank</arg>
<arg>${BROWSER}</arg>
</arguments>
<msg timestamp="20190314 21:23:03.770" level="INFO">Opening browser 'chrome' to base url 'about:blank'.</msg>
<status status="PASS" starttime="20190314 21:23:03.770" endtime="20190314 21:23:06.071"></status>
</kw>
<kw name="Maximize Browser Window" library="SeleniumLibrary">
<doc>Maximizes current browser window.</doc>
<status status="PASS" starttime="20190314 21:23:06.071" endtime="20190314 21:23:07.188"></status>
</kw>
<status status="PASS" starttime="20190314 21:23:03.770" endtime="20190314 21:23:07.188"></status>
</kw>
<kw name="Get Selection From User" library="Dialogs">
<doc>Pauses test execution and asks user to select a value.</doc>
<arguments>
<arg>Which browser?</arg>
<arg>chrome</arg>
<arg>ie</arg>
<arg>firefox</arg>
</arguments>
<assign>
<var>${new_browser}</var>
</assign>
<msg timestamp="20190314 21:23:10.032" level="INFO">${new_browser} = firefox</msg>
<status status="PASS" starttime="20190314 21:23:07.188" endtime="20190314 21:23:10.033"></status>
</kw>
<kw name="Set Global Variable" library="BuiltIn">
<doc>Makes a variable available globally in all tests and suites.</doc>
<arguments>
<arg>${BROWSER}</arg>
<arg>${new_browser}</arg>
</arguments>
<msg timestamp="20190314 21:23:10.036" level="INFO">${BROWSER} = firefox</msg>
<status status="PASS" starttime="20190314 21:23:10.035" endtime="20190314 21:23:10.036"></status>
</kw>
<kw name="Search for Products" library="AmazonApp">
<kw name="Load" library="LandingPage">
<kw name="Go To" library="SeleniumLibrary">
<doc>Navigates the active browser instance to the provided ``url``.</doc>
<arguments>
<arg>${START_URL}</arg>
</arguments>
<msg timestamp="20190314 21:23:10.037" level="INFO">Opening url 'https://www.amazon.com'</msg>
<status status="PASS" starttime="20190314 21:23:10.037" endtime="20190314 21:23:14.161"></status>
</kw>
<status status="PASS" starttime="20190314 21:23:10.037" endtime="20190314 21:23:14.161"></status>
</kw>
<kw name="Type In Product" library="TopNav">
<kw name="Input Text" library="SeleniumLibrary">
<doc>Types the given ``text`` into text field identified by ``locator``.</doc>
<arguments>
<arg>${TOPNAV_SEARCH_BAR}</arg>
<arg>${SEARCH_TERM}</arg>
</arguments>
<msg timestamp="20190314 21:23:14.162" level="INFO">Typing text 'Ferrari 458' into text field 'id=twotabsearchtextbox'.</msg>
<status status="PASS" starttime="20190314 21:23:14.162" endtime="20190314 21:23:14.373"></status>
</kw>
<status status="PASS" starttime="20190314 21:23:14.161" endtime="20190314 21:23:14.373"></status>
</kw>
<kw name="Begin Search" library="TopNav">
<kw name="Click Button" library="SeleniumLibrary">
<doc>Clicks button identified by ``locator``.</doc>
<arguments>
<arg>${TOPNAV_SEARCH_BUTTON}</arg>
</arguments>
<msg timestamp="20190314 21:23:14.375" level="INFO">Clicking button '//input[@class='nav-input']'.</msg>
<status status="PASS" starttime="20190314 21:23:14.374" endtime="20190314 21:23:17.538"></status>
</kw>
<status status="PASS" starttime="20190314 21:23:14.374" endtime="20190314 21:23:17.539"></status>
</kw>
<status status="PASS" starttime="20190314 21:23:10.036" endtime="20190314 21:23:17.539"></status>
</kw>
<kw name="End Web Test" library="Common" type="teardown">
<kw name="Close Browser" library="SeleniumLibrary">
<doc>Closes the current browser.</doc>
<status status="PASS" starttime="20190314 21:23:17.540" endtime="20190314 21:23:19.839"></status>
</kw>
<status status="PASS" starttime="20190314 21:23:17.539" endtime="20190314 21:23:19.839"></status>
</kw>
<tags>
<tag>Web</tag>
</tags>
<status status="PASS" starttime="20190314 21:23:03.760" endtime="20190314 21:23:19.840" critical="yes"></status>
</test>
<test id="s1-t2" name="Logged out user can add product to cart">
<kw name="Begin Web Test" library="Common" type="setup">
<kw name="Open Browser" library="SeleniumLibrary">
<doc>Opens a new browser instance to the given ``url``.</doc>
<arguments>
<arg>about:blank</arg>
<arg>${BROWSER}</arg>
</arguments>
<msg timestamp="20190314 21:23:19.847" level="INFO">Opening browser 'firefox' to base url 'about:blank'.</msg>
<status status="PASS" starttime="20190314 21:23:19.847" endtime="20190314 21:23:26.134"></status>
</kw>
<kw name="Maximize Browser Window" library="SeleniumLibrary">
<doc>Maximizes current browser window.</doc>
<status status="PASS" starttime="20190314 21:23:26.136" endtime="20190314 21:23:26.141"></status>
</kw>
<status status="PASS" starttime="20190314 21:23:19.846" endtime="20190314 21:23:26.141"></status>
</kw>
<kw name="Search for Products" library="AmazonApp">
<kw name="Load" library="LandingPage">
<kw name="Go To" library="SeleniumLibrary">
<doc>Navigates the active browser instance to the provided ``url``.</doc>
<arguments>
<arg>${START_URL}</arg>
</arguments>
<msg timestamp="20190314 21:23:26.144" level="INFO">Opening url 'https://www.amazon.com'</msg>
<status status="PASS" starttime="20190314 21:23:26.143" endtime="20190314 21:23:36.799"></status>
</kw>
<status status="PASS" starttime="20190314 21:23:26.143" endtime="20190314 21:23:36.800"></status>
</kw>
<kw name="Type In Product" library="TopNav">
<kw name="Input Text" library="SeleniumLibrary">
<doc>Types the given ``text`` into text field identified by ``locator``.</doc>
<arguments>
<arg>${TOPNAV_SEARCH_BAR}</arg>
<arg>${SEARCH_TERM}</arg>
</arguments>
<msg timestamp="20190314 21:23:36.803" level="INFO">Typing text 'Ferrari 458' into text field 'id=twotabsearchtextbox'.</msg>
<status status="PASS" starttime="20190314 21:23:36.801" endtime="20190314 21:23:37.679"></status>
</kw>
<status status="PASS" starttime="20190314 21:23:36.800" endtime="20190314 21:23:37.679"></status>
</kw>
<kw name="Begin Search" library="TopNav">
<kw name="Click Button" library="SeleniumLibrary">
<doc>Clicks button identified by ``locator``.</doc>
<arguments>
<arg>${TOPNAV_SEARCH_BUTTON}</arg>
</arguments>
<msg timestamp="20190314 21:23:37.680" level="INFO">Clicking button '//input[@class='nav-input']'.</msg>
<status status="PASS" starttime="20190314 21:23:37.680" endtime="20190314 21:23:46.930"></status>
</kw>
<status status="PASS" starttime="20190314 21:23:37.679" endtime="20190314 21:23:46.930"></status>
</kw>
<status status="PASS" starttime="20190314 21:23:26.142" endtime="20190314 21:23:46.931"></status>
</kw>
<kw name="Execute Manual Step" library="Dialogs">
<doc>Pauses test execution until user sets the keyword status.</doc>
<arguments>
<arg>Do something manually!</arg>
<arg>It failed!</arg>
</arguments>
<status status="PASS" starttime="20190314 21:23:46.932" endtime="20190314 21:23:56.738"></status>
</kw>
<kw name="Select Product from Search Results" library="AmazonApp">
<kw name="Select Product" library="SearchResults">
<kw name="Click Link" library="SeleniumLibrary">
<doc>Clicks a link identified by ``locator``.</doc>
<arguments>
<arg>(//h5[@class='a-color-base s-line-clamp-4'])[1]//a</arg>
</arguments>
<msg timestamp="20190314 21:23:56.751" level="INFO">Clicking link '(//h5[@class='a-color-base s-line-clamp-4'])[1]//a'.</msg>
<status status="PASS" starttime="20190314 21:23:56.751" endtime="20190314 21:24:06.523"></status>
</kw>
<status status="PASS" starttime="20190314 21:23:56.750" endtime="20190314 21:24:06.524"></status>
</kw>
<status status="PASS" starttime="20190314 21:23:56.749" endtime="20190314 21:24:06.524"></status>
</kw>
<kw name="Pause Execution" library="Dialogs">
<doc>Pauses test execution until user clicks ``Ok`` button.</doc>
<status status="PASS" starttime="20190314 21:24:06.533" endtime="20190314 21:24:11.203"></status>
</kw>
<kw name="Add Product to Cart" library="AmazonApp">
<kw name="Add To Cart" library="Product">
<kw name="Click Button" library="SeleniumLibrary">
<doc>Clicks button identified by ``locator``.</doc>
<arguments>
<arg>//input[@name='submit.add-to-cart' or contains(text(), 'Add to Cart')]</arg>
</arguments>
<msg timestamp="20190314 21:24:11.207" level="INFO">Clicking button '//input[@name='submit.add-to-cart' or contains(text(), 'Add to Cart')]'.</msg>
<status status="PASS" starttime="20190314 21:24:11.206" endtime="20190314 21:24:14.054"></status>
</kw>
<status status="PASS" starttime="20190314 21:24:11.206" endtime="20190314 21:24:14.054"></status>
</kw>
<status status="PASS" starttime="20190314 21:24:11.205" endtime="20190314 21:24:14.054"></status>
</kw>
<kw name="End Web Test" library="Common" type="teardown">
<kw name="Close Browser" library="SeleniumLibrary">
<doc>Closes the current browser.</doc>
<status status="PASS" starttime="20190314 21:24:14.057" endtime="20190314 21:24:15.358"></status>
</kw>
<status status="PASS" starttime="20190314 21:24:14.056" endtime="20190314 21:24:15.359"></status>
</kw>
<tags>
<tag>Web</tag>
</tags>
<status status="PASS" starttime="20190314 21:23:19.846" endtime="20190314 21:24:15.359" critical="yes"></status>
</test>
<doc>There are some web tests</doc>
<status status="PASS" starttime="20190314 21:23:03.524" endtime="20190314 21:24:15.361"></status>
</suite>
<statistics>
<total>
<stat pass="2" fail="0">Critical Tests</stat>
<stat pass="2" fail="0">All Tests</stat>
</total>
<tag>
<stat pass="2" fail="0">Web</stat>
</tag>
<suite>
<stat pass="2" fail="0" id="s1" name="Dialogs">Dialogs</stat>
</suite>
</statistics>
<errors>
</errors>
</robot>
