<?xml version="1.0" encoding="UTF-8"?>
<robot generator="Robot 3.1.1 (Python 3.7.2 on win32)" generated="20190628 21:00:19.813" rpa="false">
<suite id="s1" name="Dialogs" source="D:\workspace\repos\roboframeworks\project_1\Tests\Dialogs.robot">
<test id="s1-t1" name="Logged out user can search for product">
<kw name="Begin Web Test" library="Common" type="setup">
<kw name="Open Browser" library="SeleniumLibrary">
<doc>Opens a new browser instance to the given ``url``.</doc>
<arguments>
<arg>about:blank</arg>
<arg>${BROWSER}</arg>
</arguments>
<msg timestamp="20190628 21:00:20.397" level="INFO">Opening browser 'chrome' to base url 'about:blank'.</msg>
<status status="PASS" starttime="20190628 21:00:20.397" endtime="20190628 21:00:23.648"></status>
</kw>
<kw name="Maximize Browser Window" library="SeleniumLibrary">
<doc>Maximizes current browser window.</doc>
<status status="PASS" starttime="20190628 21:00:23.649" endtime="20190628 21:00:24.890"></status>
</kw>
<status status="PASS" starttime="20190628 21:00:20.396" endtime="20190628 21:00:24.890"></status>
</kw>
<kw name="Get Selection From User" library="Dialogs">
<doc>Pauses test execution and asks user to select a value.</doc>
<arguments>
<arg>Which browser?</arg>
<arg>chrome</arg>
<arg>ie</arg>
<arg>firefox</arg>
</arguments>
<assign>
<var>${new_browser}</var>
</assign>
<msg timestamp="20190628 21:00:29.939" level="INFO">${new_browser} = chrome</msg>
<status status="PASS" starttime="20190628 21:00:24.891" endtime="20190628 21:00:29.939"></status>
</kw>
<kw name="Set Global Variable" library="BuiltIn">
<doc>Makes a variable available globally in all tests and suites.</doc>
<arguments>
<arg>${BROWSER}</arg>
<arg>${new_browser}</arg>
</arguments>
<msg timestamp="20190628 21:00:29.967" level="INFO">${BROWSER} = chrome</msg>
<status status="PASS" starttime="20190628 21:00:29.966" endtime="20190628 21:00:29.967"></status>
</kw>
<kw name="Search for Products" library="AmazonApp">
<kw name="Load" library="LandingPage">
<kw name="Go To" library="SeleniumLibrary">
<doc>Navigates the active browser instance to the provided ``url``.</doc>
<arguments>
<arg>${START_URL}</arg>
</arguments>
<msg timestamp="20190628 21:00:29.974" level="INFO">Opening url 'https://www.amazon.com'</msg>
<status status="PASS" starttime="20190628 21:00:29.974" endtime="20190628 21:00:40.522"></status>
</kw>
<status status="PASS" starttime="20190628 21:00:29.974" endtime="20190628 21:00:40.522"></status>
</kw>
<kw name="Type In Product" library="TopNav">
<kw name="Input Text" library="SeleniumLibrary">
<doc>Types the given ``text`` into text field identified by ``locator``.</doc>
<arguments>
<arg>${TOPNAV_SEARCH_BAR}</arg>
<arg>${SEARCH_TERM}</arg>
</arguments>
<msg timestamp="20190628 21:00:40.524" level="INFO">Typing text 'Ferrari 458' into text field 'id=twotabsearchtextbox'.</msg>
<status status="PASS" starttime="20190628 21:00:40.523" endtime="20190628 21:00:41.379"></status>
</kw>
<status status="PASS" starttime="20190628 21:00:40.522" endtime="20190628 21:00:41.379"></status>
</kw>
<kw name="Begin Search" library="TopNav">
<kw name="Click Button" library="SeleniumLibrary">
<doc>Clicks button identified by ``locator``.</doc>
<arguments>
<arg>${TOPNAV_SEARCH_BUTTON}</arg>
</arguments>
<msg timestamp="20190628 21:00:41.382" level="INFO">Clicking button '//input[@class='nav-input']'.</msg>
<status status="PASS" starttime="20190628 21:00:41.381" endtime="20190628 21:00:48.476"></status>
</kw>
<status status="PASS" starttime="20190628 21:00:41.380" endtime="20190628 21:00:48.476"></status>
</kw>
<status status="PASS" starttime="20190628 21:00:29.973" endtime="20190628 21:00:48.476"></status>
</kw>
<kw name="End Web Test" library="Common" type="teardown">
<kw name="Close Browser" library="SeleniumLibrary">
<doc>Closes the current browser.</doc>
<status status="PASS" starttime="20190628 21:00:48.477" endtime="20190628 21:00:50.844"></status>
</kw>
<status status="PASS" starttime="20190628 21:00:48.477" endtime="20190628 21:00:50.845"></status>
</kw>
<tags>
<tag>Web</tag>
</tags>
<status status="PASS" starttime="20190628 21:00:20.395" endtime="20190628 21:00:50.845" critical="yes"></status>
</test>
<test id="s1-t2" name="Logged out user can add product to cart">
<kw name="Begin Web Test" library="Common" type="setup">
<kw name="Open Browser" library="SeleniumLibrary">
<doc>Opens a new browser instance to the given ``url``.</doc>
<arguments>
<arg>about:blank</arg>
<arg>${BROWSER}</arg>
</arguments>
<msg timestamp="20190628 21:00:50.853" level="INFO">Opening browser 'chrome' to base url 'about:blank'.</msg>
<status status="PASS" starttime="20190628 21:00:50.849" endtime="20190628 21:00:53.590"></status>
</kw>
<kw name="Maximize Browser Window" library="SeleniumLibrary">
<doc>Maximizes current browser window.</doc>
<status status="PASS" starttime="20190628 21:00:53.590" endtime="20190628 21:00:54.862"></status>
</kw>
<status status="PASS" starttime="20190628 21:00:50.848" endtime="20190628 21:00:54.862"></status>
</kw>
<kw name="Search for Products" library="AmazonApp">
<kw name="Load" library="LandingPage">
<kw name="Go To" library="SeleniumLibrary">
<doc>Navigates the active browser instance to the provided ``url``.</doc>
<arguments>
<arg>${START_URL}</arg>
</arguments>
<msg timestamp="20190628 21:00:54.865" level="INFO">Opening url 'https://www.amazon.com'</msg>
<status status="PASS" starttime="20190628 21:00:54.865" endtime="20190628 21:01:01.833"></status>
</kw>
<status status="PASS" starttime="20190628 21:00:54.864" endtime="20190628 21:01:01.834"></status>
</kw>
<kw name="Type In Product" library="TopNav">
<kw name="Input Text" library="SeleniumLibrary">
<doc>Types the given ``text`` into text field identified by ``locator``.</doc>
<arguments>
<arg>${TOPNAV_SEARCH_BAR}</arg>
<arg>${SEARCH_TERM}</arg>
</arguments>
<msg timestamp="20190628 21:01:01.835" level="INFO">Typing text 'Ferrari 458' into text field 'id=twotabsearchtextbox'.</msg>
<status status="PASS" starttime="20190628 21:01:01.834" endtime="20190628 21:01:02.345"></status>
</kw>
<status status="PASS" starttime="20190628 21:01:01.834" endtime="20190628 21:01:02.345"></status>
</kw>
<kw name="Begin Search" library="TopNav">
<kw name="Click Button" library="SeleniumLibrary">
<doc>Clicks button identified by ``locator``.</doc>
<arguments>
<arg>${TOPNAV_SEARCH_BUTTON}</arg>
</arguments>
<msg timestamp="20190628 21:01:02.346" level="INFO">Clicking button '//input[@class='nav-input']'.</msg>
<status status="PASS" starttime="20190628 21:01:02.346" endtime="20190628 21:01:06.039"></status>
</kw>
<status status="PASS" starttime="20190628 21:01:02.345" endtime="20190628 21:01:06.039"></status>
</kw>
<status status="PASS" starttime="20190628 21:00:54.863" endtime="20190628 21:01:06.039"></status>
</kw>
<kw name="Execute Manual Step" library="Dialogs">
<doc>Pauses test execution until user sets the keyword status.</doc>
<arguments>
<arg>Do something manually!</arg>
<arg>It failed!</arg>
</arguments>
<status status="PASS" starttime="20190628 21:01:06.042" endtime="20190628 21:01:12.296"></status>
</kw>
<kw name="Select Product from Search Results" library="AmazonApp">
<kw name="Select Product" library="SearchResults">
<kw name="Click Link" library="SeleniumLibrary">
<doc>Clicks a link identified by ``locator``.</doc>
<arguments>
<arg>(//h5[@class='a-color-base s-line-clamp-4'])[1]//a</arg>
</arguments>
<msg timestamp="20190628 21:01:12.323" level="INFO">Clicking link '(//h5[@class='a-color-base s-line-clamp-4'])[1]//a'.</msg>
<kw name="Capture Page Screenshot" library="SeleniumLibrary">
<doc>Takes screenshot of the current page and embeds it into log file.</doc>
<msg timestamp="20190628 21:01:33.396" level="INFO" html="yes">&lt;/td&gt;&lt;/tr&gt;&lt;tr&gt;&lt;td colspan="3"&gt;&lt;a href="selenium-screenshot-2.png"&gt;&lt;img src="selenium-screenshot-2.png" width="800px"&gt;&lt;/a&gt;</msg>
<status status="PASS" starttime="20190628 21:01:32.440" endtime="20190628 21:01:33.396"></status>
</kw>
<msg timestamp="20190628 21:01:33.401" level="FAIL">Link with locator '(//h5[@class='a-color-base s-line-clamp-4'])[1]//a' not found.</msg>
<status status="FAIL" starttime="20190628 21:01:12.323" endtime="20190628 21:01:33.402"></status>
</kw>
<status status="FAIL" starttime="20190628 21:01:12.322" endtime="20190628 21:01:33.402"></status>
</kw>
<status status="FAIL" starttime="20190628 21:01:12.320" endtime="20190628 21:01:33.402"></status>
</kw>
<kw name="End Web Test" library="Common" type="teardown">
<kw name="Close Browser" library="SeleniumLibrary">
<doc>Closes the current browser.</doc>
<status status="PASS" starttime="20190628 21:01:33.403" endtime="20190628 21:01:35.709"></status>
</kw>
<status status="PASS" starttime="20190628 21:01:33.403" endtime="20190628 21:01:35.709"></status>
</kw>
<tags>
<tag>Web</tag>
</tags>
<status status="FAIL" starttime="20190628 21:00:50.847" endtime="20190628 21:01:35.710" critical="yes">Link with locator '(//h5[@class='a-color-base s-line-clamp-4'])[1]//a' not found.</status>
</test>
<doc>There are some web tests</doc>
<status status="FAIL" starttime="20190628 21:00:19.817" endtime="20190628 21:01:35.711"></status>
</suite>
<statistics>
<total>
<stat pass="1" fail="1">Critical Tests</stat>
<stat pass="1" fail="1">All Tests</stat>
</total>
<tag>
<stat pass="1" fail="1">Web</stat>
</tag>
<suite>
<stat pass="1" fail="1" id="s1" name="Dialogs">Dialogs</stat>
</suite>
</statistics>
<errors>
</errors>
</robot>
