<?xml version="1.0" encoding="UTF-8"?>
<robot generator="Robot 3.1.2 (Python 3.6.8 on linux)" generated="20190629 15:24:21.571" rpa="false">
<suite id="s1" name="Operating System" source="/home/yang/Learnings/myRobotFramework/explore-libraries/Tests/Operating_System.robot">
<test id="s1-t1" name="Create Some Directories">
<kw name="Create the Base Directory" library="OS">
<kw name="Create Directory" library="OperatingSystem">
<doc>Creates the specified directory.</doc>
<arguments>
<arg>${output_directory}</arg>
</arguments>
<msg timestamp="20190629 15:24:21.602" level="INFO" html="yes">Created directory '&lt;a href="file:///home/yang/Learnings/myRobotFramework/explore-libraries/Outputs"&gt;/home/yang/Learnings/myRobotFramework/explore-libraries/Outputs&lt;/a&gt;'.</msg>
<status status="PASS" starttime="20190629 15:24:21.602" endtime="20190629 15:24:21.602"></status>
</kw>
<kw name="Should Exist" library="OperatingSystem">
<doc>Fails unless the given path (file or directory) exists.</doc>
<arguments>
<arg>${output_directory}</arg>
</arguments>
<msg timestamp="20190629 15:24:21.603" level="INFO" html="yes">Path '&lt;a href="file:///home/yang/Learnings/myRobotFramework/explore-libraries/Outputs"&gt;/home/yang/Learnings/myRobotFramework/explore-libraries/Outputs&lt;/a&gt;' exists.</msg>
<status status="PASS" starttime="20190629 15:24:21.602" endtime="20190629 15:24:21.603"></status>
</kw>
<status status="PASS" starttime="20190629 15:24:21.601" endtime="20190629 15:24:21.603"></status>
</kw>
<kw name="Create Directory 1" library="OS">
<kw name="Join Path" library="OperatingSystem">
<doc>Joins the given path part(s) to the given base path.</doc>
<arguments>
<arg>${output_directory}</arg>
<arg>${directory_1}</arg>
</arguments>
<assign>
<var>${directory_path}</var>
</assign>
<msg timestamp="20190629 15:24:21.604" level="INFO">${directory_path} = Outputs/first directory</msg>
<status status="PASS" starttime="20190629 15:24:21.604" endtime="20190629 15:24:21.604"></status>
</kw>
<kw name="Create Directory" library="OperatingSystem">
<doc>Creates the specified directory.</doc>
<arguments>
<arg>${directory_path}</arg>
</arguments>
<msg timestamp="20190629 15:24:21.605" level="INFO" html="yes">Created directory '&lt;a href="file:///home/yang/Learnings/myRobotFramework/explore-libraries/Outputs/first directory"&gt;/home/yang/Learnings/myRobotFramework/explore-libraries/Outputs/first directory&lt;/a&gt;'.</msg>
<status status="PASS" starttime="20190629 15:24:21.605" endtime="20190629 15:24:21.605"></status>
</kw>
<kw name="Should Exist" library="OperatingSystem">
<doc>Fails unless the given path (file or directory) exists.</doc>
<arguments>
<arg>${directory_path}</arg>
</arguments>
<msg timestamp="20190629 15:24:21.606" level="INFO" html="yes">Path '&lt;a href="file:///home/yang/Learnings/myRobotFramework/explore-libraries/Outputs/first directory"&gt;/home/yang/Learnings/myRobotFramework/explore-libraries/Outputs/first directory&lt;/a&gt;' exists.</msg>
<status status="PASS" starttime="20190629 15:24:21.605" endtime="20190629 15:24:21.606"></status>
</kw>
<status status="PASS" starttime="20190629 15:24:21.603" endtime="20190629 15:24:21.606"></status>
</kw>
<kw name="Create Directory 2" library="OS">
<kw name="Join Path" library="OperatingSystem">
<doc>Joins the given path part(s) to the given base path.</doc>
<arguments>
<arg>${output_directory}</arg>
<arg>${directory_2}</arg>
</arguments>
<assign>
<var>${directory_path}</var>
</assign>
<msg timestamp="20190629 15:24:21.607" level="INFO">${directory_path} = Outputs/second directory</msg>
<status status="PASS" starttime="20190629 15:24:21.607" endtime="20190629 15:24:21.607"></status>
</kw>
<kw name="Create Directory" library="OperatingSystem">
<doc>Creates the specified directory.</doc>
<arguments>
<arg>${directory_path}</arg>
</arguments>
<msg timestamp="20190629 15:24:21.608" level="INFO" html="yes">Created directory '&lt;a href="file:///home/yang/Learnings/myRobotFramework/explore-libraries/Outputs/second directory"&gt;/home/yang/Learnings/myRobotFramework/explore-libraries/Outputs/second directory&lt;/a&gt;'.</msg>
<status status="PASS" starttime="20190629 15:24:21.607" endtime="20190629 15:24:21.608"></status>
</kw>
<kw name="Should Exist" library="OperatingSystem">
<doc>Fails unless the given path (file or directory) exists.</doc>
<arguments>
<arg>${directory_path}</arg>
</arguments>
<msg timestamp="20190629 15:24:21.608" level="INFO" html="yes">Path '&lt;a href="file:///home/yang/Learnings/myRobotFramework/explore-libraries/Outputs/second directory"&gt;/home/yang/Learnings/myRobotFramework/explore-libraries/Outputs/second directory&lt;/a&gt;' exists.</msg>
<status status="PASS" starttime="20190629 15:24:21.608" endtime="20190629 15:24:21.608"></status>
</kw>
<status status="PASS" starttime="20190629 15:24:21.606" endtime="20190629 15:24:21.609"></status>
</kw>
<tags>
<tag>OperatingSystem</tag>
</tags>
<status status="PASS" starttime="20190629 15:24:21.601" endtime="20190629 15:24:21.609" critical="yes"></status>
</test>
<test id="s1-t2" name="Create Some Files">
<kw name="Create the First File" library="OS">
<kw name="Join Path" library="OperatingSystem">
<doc>Joins the given path part(s) to the given base path.</doc>
<arguments>
<arg>${output_directory}</arg>
<arg>${directory_1}</arg>
<arg>${file_1}</arg>
</arguments>
<assign>
<var>${file_path}</var>
</assign>
<msg timestamp="20190629 15:24:21.610" level="INFO">${file_path} = Outputs/first directory/first file.txt</msg>
<status status="PASS" starttime="20190629 15:24:21.610" endtime="20190629 15:24:21.611"></status>
</kw>
<kw name="Create File" library="OperatingSystem">
<doc>Creates a file with the given content and encoding.</doc>
<arguments>
<arg>${file_path}</arg>
<arg>This is some text in file one!</arg>
</arguments>
<msg timestamp="20190629 15:24:21.611" level="INFO" html="yes">Created file '&lt;a href="file:///home/yang/Learnings/myRobotFramework/explore-libraries/Outputs/first directory/first file.txt"&gt;/home/yang/Learnings/myRobotFramework/explore-libraries/Outputs/first directory/first file.txt&lt;/a&gt;'.</msg>
<status status="PASS" starttime="20190629 15:24:21.611" endtime="20190629 15:24:21.611"></status>
</kw>
<kw name="Should Exist" library="OperatingSystem">
<doc>Fails unless the given path (file or directory) exists.</doc>
<arguments>
<arg>${file_path}</arg>
</arguments>
<msg timestamp="20190629 15:24:21.612" level="INFO" html="yes">Path '&lt;a href="file:///home/yang/Learnings/myRobotFramework/explore-libraries/Outputs/first directory/first file.txt"&gt;/home/yang/Learnings/myRobotFramework/explore-libraries/Outputs/first directory/first file.txt&lt;/a&gt;' exists.</msg>
<status status="PASS" starttime="20190629 15:24:21.612" endtime="20190629 15:24:21.612"></status>
</kw>
<status status="PASS" starttime="20190629 15:24:21.610" endtime="20190629 15:24:21.612"></status>
</kw>
<kw name="Create the Second File" library="OS">
<kw name="Join Path" library="OperatingSystem">
<doc>Joins the given path part(s) to the given base path.</doc>
<arguments>
<arg>${output_directory}</arg>
<arg>${directory_2}</arg>
<arg>${file_2}</arg>
</arguments>
<assign>
<var>${file_path}</var>
</assign>
<msg timestamp="20190629 15:24:21.613" level="INFO">${file_path} = Outputs/second directory/second file.txt</msg>
<status status="PASS" starttime="20190629 15:24:21.613" endtime="20190629 15:24:21.613"></status>
</kw>
<kw name="Create File" library="OperatingSystem">
<doc>Creates a file with the given content and encoding.</doc>
<arguments>
<arg>${file_path}</arg>
<arg>This is some text in file two!</arg>
</arguments>
<msg timestamp="20190629 15:24:21.614" level="INFO" html="yes">Created file '&lt;a href="file:///home/yang/Learnings/myRobotFramework/explore-libraries/Outputs/second directory/second file.txt"&gt;/home/yang/Learnings/myRobotFramework/explore-libraries/Outputs/second directory/second file.txt&lt;/a&gt;'.</msg>
<status status="PASS" starttime="20190629 15:24:21.613" endtime="20190629 15:24:21.614"></status>
</kw>
<kw name="Should Exist" library="OperatingSystem">
<doc>Fails unless the given path (file or directory) exists.</doc>
<arguments>
<arg>${file_path}</arg>
</arguments>
<msg timestamp="20190629 15:24:21.614" level="INFO" html="yes">Path '&lt;a href="file:///home/yang/Learnings/myRobotFramework/explore-libraries/Outputs/second directory/second file.txt"&gt;/home/yang/Learnings/myRobotFramework/explore-libraries/Outputs/second directory/second file.txt&lt;/a&gt;' exists.</msg>
<status status="PASS" starttime="20190629 15:24:21.614" endtime="20190629 15:24:21.615"></status>
</kw>
<status status="PASS" starttime="20190629 15:24:21.612" endtime="20190629 15:24:21.615"></status>
</kw>
<kw name="Create the Third File" library="OS">
<kw name="Join Path" library="OperatingSystem">
<doc>Joins the given path part(s) to the given base path.</doc>
<arguments>
<arg>${output_directory}</arg>
<arg>${directory_2}</arg>
<arg>${file_3}</arg>
</arguments>
<assign>
<var>${file_path}</var>
</assign>
<msg timestamp="20190629 15:24:21.616" level="INFO">${file_path} = Outputs/second directory/third file.txt</msg>
<status status="PASS" starttime="20190629 15:24:21.615" endtime="20190629 15:24:21.616"></status>
</kw>
<kw name="Create File" library="OperatingSystem">
<doc>Creates a file with the given content and encoding.</doc>
<arguments>
<arg>${file_path}</arg>
<arg>This is some text in file three!</arg>
</arguments>
<msg timestamp="20190629 15:24:21.617" level="INFO" html="yes">Created file '&lt;a href="file:///home/yang/Learnings/myRobotFramework/explore-libraries/Outputs/second directory/third file.txt"&gt;/home/yang/Learnings/myRobotFramework/explore-libraries/Outputs/second directory/third file.txt&lt;/a&gt;'.</msg>
<status status="PASS" starttime="20190629 15:24:21.616" endtime="20190629 15:24:21.617"></status>
</kw>
<kw name="Should Exist" library="OperatingSystem">
<doc>Fails unless the given path (file or directory) exists.</doc>
<arguments>
<arg>${file_path}</arg>
</arguments>
<msg timestamp="20190629 15:24:21.617" level="INFO" html="yes">Path '&lt;a href="file:///home/yang/Learnings/myRobotFramework/explore-libraries/Outputs/second directory/third file.txt"&gt;/home/yang/Learnings/myRobotFramework/explore-libraries/Outputs/second directory/third file.txt&lt;/a&gt;' exists.</msg>
<status status="PASS" starttime="20190629 15:24:21.617" endtime="20190629 15:24:21.618"></status>
</kw>
<status status="PASS" starttime="20190629 15:24:21.615" endtime="20190629 15:24:21.618"></status>
</kw>
<tags>
<tag>OperatingSystem</tag>
</tags>
<status status="PASS" starttime="20190629 15:24:21.609" endtime="20190629 15:24:21.618" critical="yes"></status>
</test>
<test id="s1-t3" name="Move a File">
<kw name="Move File 3 from Directory 2 to Directory 1" library="OS">
<kw name="Join Path" library="OperatingSystem">
<doc>Joins the given path part(s) to the given base path.</doc>
<arguments>
<arg>${output_directory}</arg>
<arg>${directory_2}</arg>
<arg>${file_3}</arg>
</arguments>
<assign>
<var>${source_path}</var>
</assign>
<msg timestamp="20190629 15:24:21.621" level="INFO">${source_path} = Outputs/second directory/third file.txt</msg>
<status status="PASS" starttime="20190629 15:24:21.621" endtime="20190629 15:24:21.621"></status>
</kw>
<kw name="Join Path" library="OperatingSystem">
<doc>Joins the given path part(s) to the given base path.</doc>
<arguments>
<arg>${output_directory}</arg>
<arg>${directory_1}</arg>
<arg>${file_3}</arg>
</arguments>
<assign>
<var>${target_path}</var>
</assign>
<msg timestamp="20190629 15:24:21.622" level="INFO">${target_path} = Outputs/first directory/third file.txt</msg>
<status status="PASS" starttime="20190629 15:24:21.622" endtime="20190629 15:24:21.622"></status>
</kw>
<kw name="Move File" library="OperatingSystem">
<doc>Moves the source file into the destination.</doc>
<arguments>
<arg>${source_path}</arg>
<arg>${target_path}</arg>
</arguments>
<msg timestamp="20190629 15:24:21.624" level="INFO" html="yes">Moved file from '&lt;a href="file:///home/yang/Learnings/myRobotFramework/explore-libraries/Outputs/second directory/third file.txt"&gt;/home/yang/Learnings/myRobotFramework/explore-libraries/Outputs/second directory/third file.txt&lt;/a&gt;' to '&lt;a href="file:///home/yang/Learnings/myRobotFramework/explore-libraries/Outputs/first directory/third file.txt"&gt;/home/yang/Learnings/myRobotFramework/explore-libraries/Outputs/first directory/third file.txt&lt;/a&gt;'.</msg>
<status status="PASS" starttime="20190629 15:24:21.623" endtime="20190629 15:24:21.624"></status>
</kw>
<kw name="Should Exist" library="OperatingSystem">
<doc>Fails unless the given path (file or directory) exists.</doc>
<arguments>
<arg>${target_path}</arg>
</arguments>
<msg timestamp="20190629 15:24:21.625" level="INFO" html="yes">Path '&lt;a href="file:///home/yang/Learnings/myRobotFramework/explore-libraries/Outputs/first directory/third file.txt"&gt;/home/yang/Learnings/myRobotFramework/explore-libraries/Outputs/first directory/third file.txt&lt;/a&gt;' exists.</msg>
<status status="PASS" starttime="20190629 15:24:21.624" endtime="20190629 15:24:21.625"></status>
</kw>
<kw name="Should Not Exist" library="OperatingSystem">
<doc>Fails if the given path (file or directory) exists.</doc>
<arguments>
<arg>${source_path}</arg>
</arguments>
<msg timestamp="20190629 15:24:21.626" level="INFO" html="yes">Path '&lt;a href="file:///home/yang/Learnings/myRobotFramework/explore-libraries/Outputs/second directory/third file.txt"&gt;/home/yang/Learnings/myRobotFramework/explore-libraries/Outputs/second directory/third file.txt&lt;/a&gt;' does not exist.</msg>
<status status="PASS" starttime="20190629 15:24:21.625" endtime="20190629 15:24:21.626"></status>
</kw>
<status status="PASS" starttime="20190629 15:24:21.620" endtime="20190629 15:24:21.626"></status>
</kw>
<tags>
<tag>OperatingSystem</tag>
</tags>
<status status="PASS" starttime="20190629 15:24:21.619" endtime="20190629 15:24:21.627" critical="yes"></status>
</test>
<test id="s1-t4" name="Copy a File">
<kw name="Copy File 1 from Directory 1 to Directory 2" library="OS">
<kw name="Join Path" library="OperatingSystem">
<doc>Joins the given path part(s) to the given base path.</doc>
<arguments>
<arg>${output_directory}</arg>
<arg>${directory_1}</arg>
<arg>${file_1}</arg>
</arguments>
<assign>
<var>${source_path}</var>
</assign>
<msg timestamp="20190629 15:24:21.630" level="INFO">${source_path} = Outputs/first directory/first file.txt</msg>
<status status="PASS" starttime="20190629 15:24:21.629" endtime="20190629 15:24:21.630"></status>
</kw>
<kw name="Join Path" library="OperatingSystem">
<doc>Joins the given path part(s) to the given base path.</doc>
<arguments>
<arg>${output_directory}</arg>
<arg>${directory_2}</arg>
<arg>${file_1}</arg>
</arguments>
<assign>
<var>${target_path}</var>
</assign>
<msg timestamp="20190629 15:24:21.630" level="INFO">${target_path} = Outputs/second directory/first file.txt</msg>
<status status="PASS" starttime="20190629 15:24:21.630" endtime="20190629 15:24:21.630"></status>
</kw>
<kw name="Copy File" library="OperatingSystem">
<doc>Copies the source file into the destination.</doc>
<arguments>
<arg>${source_path}</arg>
<arg>${target_path}</arg>
</arguments>
<msg timestamp="20190629 15:24:21.631" level="INFO" html="yes">Copied file from '&lt;a href="file:///home/yang/Learnings/myRobotFramework/explore-libraries/Outputs/first directory/first file.txt"&gt;/home/yang/Learnings/myRobotFramework/explore-libraries/Outputs/first directory/first file.txt&lt;/a&gt;' to '&lt;a href="file:///home/yang/Learnings/myRobotFramework/explore-libraries/Outputs/second directory/first file.txt"&gt;/home/yang/Learnings/myRobotFramework/explore-libraries/Outputs/second directory/first file.txt&lt;/a&gt;'.</msg>
<status status="PASS" starttime="20190629 15:24:21.630" endtime="20190629 15:24:21.631"></status>
</kw>
<kw name="Should Exist" library="OperatingSystem">
<doc>Fails unless the given path (file or directory) exists.</doc>
<arguments>
<arg>${source_path}</arg>
</arguments>
<msg timestamp="20190629 15:24:21.632" level="INFO" html="yes">Path '&lt;a href="file:///home/yang/Learnings/myRobotFramework/explore-libraries/Outputs/first directory/first file.txt"&gt;/home/yang/Learnings/myRobotFramework/explore-libraries/Outputs/first directory/first file.txt&lt;/a&gt;' exists.</msg>
<status status="PASS" starttime="20190629 15:24:21.632" endtime="20190629 15:24:21.632"></status>
</kw>
<kw name="Should Exist" library="OperatingSystem">
<doc>Fails unless the given path (file or directory) exists.</doc>
<arguments>
<arg>${target_path}</arg>
</arguments>
<msg timestamp="20190629 15:24:21.633" level="INFO" html="yes">Path '&lt;a href="file:///home/yang/Learnings/myRobotFramework/explore-libraries/Outputs/second directory/first file.txt"&gt;/home/yang/Learnings/myRobotFramework/explore-libraries/Outputs/second directory/first file.txt&lt;/a&gt;' exists.</msg>
<status status="PASS" starttime="20190629 15:24:21.633" endtime="20190629 15:24:21.633"></status>
</kw>
<status status="PASS" starttime="20190629 15:24:21.628" endtime="20190629 15:24:21.633"></status>
</kw>
<tags>
<tag>OperatingSystem</tag>
</tags>
<status status="PASS" starttime="20190629 15:24:21.627" endtime="20190629 15:24:21.633" critical="yes"></status>
</test>
<doc>These are some file &amp; directory tests</doc>
<status status="PASS" starttime="20190629 15:24:21.572" endtime="20190629 15:24:21.634"></status>
</suite>
<statistics>
<total>
<stat pass="4" fail="0">Critical Tests</stat>
<stat pass="4" fail="0">All Tests</stat>
</total>
<tag>
<stat pass="4" fail="0">OperatingSystem</stat>
</tag>
<suite>
<stat pass="4" fail="0" id="s1" name="Operating System">Operating System</stat>
</suite>
</statistics>
<errors>
</errors>
</robot>
