<?xml version="1.0" encoding="UTF-8"?>
<robot generator="Robot 3.1.1 (Python 3.7.2 on win32)" generated="20190314 20:35:30.965" rpa="false">
<suite id="s1" name="Tutorial" source="D:\workspace\repos\roboframeworks\project_2\Tests\Tutorial.robot">
<test id="s1-t1" name="User Should Be Able To View The &quot;Home&quot; Page">
<kw name="Begin Web Test" library="Common" type="setup">
<arguments>
<arg>chrome</arg>
</arguments>
<kw name="Open Browser" library="SeleniumLibrary">
<doc>Opens a new browser instance to the given ``url``.</doc>
<arguments>
<arg>about:blank</arg>
<arg>${browser}</arg>
</arguments>
<msg timestamp="20190314 20:35:32.335" level="INFO">Opening browser 'chrome' to base url 'about:blank'.</msg>
<status status="PASS" starttime="20190314 20:35:32.335" endtime="20190314 20:35:34.804"></status>
</kw>
<kw name="Maximize Browser Window" library="SeleniumLibrary">
<doc>Maximizes current browser window.</doc>
<status status="PASS" starttime="20190314 20:35:34.806" endtime="20190314 20:35:35.926"></status>
</kw>
<status status="PASS" starttime="20190314 20:35:32.335" endtime="20190314 20:35:35.926"></status>
</kw>
<kw name="Open Home Page" library="TutorialApp">
<kw name="Load" library="LandingPage">
<kw name="Go To" library="SeleniumLibrary">
<doc>Navigates the active browser instance to the provided ``url``.</doc>
<arguments>
<arg>${START_URL}</arg>
</arguments>
<msg timestamp="20190314 20:35:35.927" level="INFO">Opening url 'http://www.robotframeworktutorial.com/front-office/'</msg>
<status status="PASS" starttime="20190314 20:35:35.927" endtime="20190314 20:35:40.868"></status>
</kw>
<status status="PASS" starttime="20190314 20:35:35.927" endtime="20190314 20:35:40.868"></status>
</kw>
<status status="PASS" starttime="20190314 20:35:35.927" endtime="20190314 20:35:40.869"></status>
</kw>
<kw name="End Web Test" library="Common" type="teardown">
<kw name="Close Browser" library="SeleniumLibrary">
<doc>Closes the current browser.</doc>
<status status="PASS" starttime="20190314 20:35:40.873" endtime="20190314 20:35:43.108"></status>
</kw>
<status status="PASS" starttime="20190314 20:35:40.872" endtime="20190314 20:35:43.108"></status>
</kw>
<tags>
<tag>Smoke</tag>
</tags>
<status status="PASS" starttime="20190314 20:35:32.334" endtime="20190314 20:35:43.109" critical="yes"></status>
</test>
<test id="s1-t2" name="User Should Be Able To View The &quot;Team&quot; Page">
<kw name="Begin Web Test" library="Common" type="setup">
<arguments>
<arg>chrome</arg>
</arguments>
<kw name="Open Browser" library="SeleniumLibrary">
<doc>Opens a new browser instance to the given ``url``.</doc>
<arguments>
<arg>about:blank</arg>
<arg>${browser}</arg>
</arguments>
<msg timestamp="20190314 20:35:43.112" level="INFO">Opening browser 'chrome' to base url 'about:blank'.</msg>
<status status="PASS" starttime="20190314 20:35:43.111" endtime="20190314 20:35:45.362"></status>
</kw>
<kw name="Maximize Browser Window" library="SeleniumLibrary">
<doc>Maximizes current browser window.</doc>
<status status="PASS" starttime="20190314 20:35:45.362" endtime="20190314 20:35:46.484"></status>
</kw>
<status status="PASS" starttime="20190314 20:35:43.111" endtime="20190314 20:35:46.484"></status>
</kw>
<kw name="Open Home Page" library="TutorialApp">
<kw name="Load" library="LandingPage">
<kw name="Go To" library="SeleniumLibrary">
<doc>Navigates the active browser instance to the provided ``url``.</doc>
<arguments>
<arg>${START_URL}</arg>
</arguments>
<msg timestamp="20190314 20:35:46.485" level="INFO">Opening url 'http://www.robotframeworktutorial.com/front-office/'</msg>
<status status="PASS" starttime="20190314 20:35:46.485" endtime="20190314 20:35:53.647"></status>
</kw>
<status status="PASS" starttime="20190314 20:35:46.485" endtime="20190314 20:35:53.648"></status>
</kw>
<status status="PASS" starttime="20190314 20:35:46.484" endtime="20190314 20:35:53.648"></status>
</kw>
<kw name="Verify Team Page" library="TutorialApp">
<kw name="Click On &quot;Team&quot; Button" library="NavBar">
<kw name="Click Link" library="SeleniumLibrary">
<doc>Clicks a link identified by ``locator``.</doc>
<arguments>
<arg>${NAVBAR_TEAM_BUTTON}</arg>
</arguments>
<msg timestamp="20190314 20:35:53.649" level="INFO">Clicking link '//a[@href='#team']'.</msg>
<status status="PASS" starttime="20190314 20:35:53.649" endtime="20190314 20:35:53.735"></status>
</kw>
<status status="PASS" starttime="20190314 20:35:53.649" endtime="20190314 20:35:53.735"></status>
</kw>
<kw name="Verify Main Heading" library="TeamPage">
<kw name="Wait Until Element Is Visible" library="SeleniumLibrary">
<doc>Waits until element ``locator`` is visible.</doc>
<arguments>
<arg>${TEAMPAGE_MAIN_HEADING}</arg>
</arguments>
<status status="PASS" starttime="20190314 20:35:53.736" endtime="20190314 20:35:53.766"></status>
</kw>
<kw name="Page Should Contain Element" library="SeleniumLibrary">
<doc>Verifies that element ``locator`` is found on the current page.</doc>
<arguments>
<arg>${TEAMPAGE_MAIN_HEADING}</arg>
</arguments>
<msg timestamp="20190314 20:35:53.779" level="INFO">Current page contains element '//h2[contains(text(),'Our Amazing Team')]'.</msg>
<status status="PASS" starttime="20190314 20:35:53.766" endtime="20190314 20:35:53.779"></status>
</kw>
<status status="PASS" starttime="20190314 20:35:53.735" endtime="20190314 20:35:53.780"></status>
</kw>
<status status="PASS" starttime="20190314 20:35:53.648" endtime="20190314 20:35:53.780"></status>
</kw>
<kw name="End Web Test" library="Common" type="teardown">
<kw name="Close Browser" library="SeleniumLibrary">
<doc>Closes the current browser.</doc>
<status status="PASS" starttime="20190314 20:35:53.781" endtime="20190314 20:35:55.982"></status>
</kw>
<status status="PASS" starttime="20190314 20:35:53.780" endtime="20190314 20:35:55.982"></status>
</kw>
<tags>
<tag>Current</tag>
<tag>Smoke</tag>
</tags>
<status status="PASS" starttime="20190314 20:35:43.110" endtime="20190314 20:35:55.983" critical="yes"></status>
</test>
<doc>This is the test suite for practice</doc>
<status status="PASS" starttime="20190314 20:35:30.967" endtime="20190314 20:35:55.984"></status>
</suite>
<statistics>
<total>
<stat pass="2" fail="0">Critical Tests</stat>
<stat pass="2" fail="0">All Tests</stat>
</total>
<tag>
<stat pass="1" fail="0">Current</stat>
<stat pass="2" fail="0">Smoke</stat>
</tag>
<suite>
<stat pass="2" fail="0" id="s1" name="Tutorial">Tutorial</stat>
</suite>
</statistics>
<errors>
</errors>
</robot>
