<?xml version="1.0" encoding="UTF-8"?>
<robot generator="Robot 3.1.1 (Python 3.7.2 on win32)" generated="20190301 22:40:00.829" rpa="false">
<suite id="s1" name="Demo" source="D:\workspace\repos\roboframeworks\keyword_demo\demo.robot">
<test id="s1-t1" name="Test case 1">
<kw name="Do Something">
<kw name="Log" library="BuiltIn">
<doc>Logs the given message with the given level.</doc>
<arguments>
<arg>I am doing something...</arg>
</arguments>
<msg timestamp="20190301 22:40:00.867" level="INFO">I am doing something...</msg>
<status status="PASS" starttime="20190301 22:40:00.867" endtime="20190301 22:40:00.867"></status>
</kw>
<status status="PASS" starttime="20190301 22:40:00.866" endtime="20190301 22:40:00.867"></status>
</kw>
<kw name="Do Something Else">
<kw name="Log" library="BuiltIn">
<doc>Logs the given message with the given level.</doc>
<arguments>
<arg>I am doing something else...</arg>
</arguments>
<msg timestamp="20190301 22:40:00.868" level="INFO">I am doing something else...</msg>
<status status="PASS" starttime="20190301 22:40:00.868" endtime="20190301 22:40:00.869"></status>
</kw>
<status status="PASS" starttime="20190301 22:40:00.868" endtime="20190301 22:40:00.869"></status>
</kw>
<status status="PASS" starttime="20190301 22:40:00.865" endtime="20190301 22:40:00.869" critical="yes"></status>
</test>
<test id="s1-t2" name="Test case 2">
<kw name="Do Another Thing">
<kw name="Log" library="BuiltIn">
<doc>Logs the given message with the given level.</doc>
<arguments>
<arg>I am doing another thing...</arg>
</arguments>
<msg timestamp="20190301 22:40:00.871" level="INFO">I am doing another thing...</msg>
<status status="PASS" starttime="20190301 22:40:00.871" endtime="20190301 22:40:00.871"></status>
</kw>
<status status="PASS" starttime="20190301 22:40:00.870" endtime="20190301 22:40:00.871"></status>
</kw>
<kw name="Do Something Else">
<kw name="Log" library="BuiltIn">
<doc>Logs the given message with the given level.</doc>
<arguments>
<arg>I am doing something else...</arg>
</arguments>
<msg timestamp="20190301 22:40:00.872" level="INFO">I am doing something else...</msg>
<status status="PASS" starttime="20190301 22:40:00.872" endtime="20190301 22:40:00.872"></status>
</kw>
<status status="PASS" starttime="20190301 22:40:00.872" endtime="20190301 22:40:00.872"></status>
</kw>
<status status="PASS" starttime="20190301 22:40:00.870" endtime="20190301 22:40:00.872" critical="yes"></status>
</test>
<status status="PASS" starttime="20190301 22:40:00.831" endtime="20190301 22:40:00.873"></status>
</suite>
<statistics>
<total>
<stat pass="2" fail="0">Critical Tests</stat>
<stat pass="2" fail="0">All Tests</stat>
</total>
<tag>
</tag>
<suite>
<stat pass="2" fail="0" id="s1" name="Demo">Demo</stat>
</suite>
</statistics>
<errors>
</errors>
</robot>
